{"level":"info","message":"Redis connected","service":"identity-service","timestamp":"2026-06-25T18:19:52.907Z"}
{"level":"info","message":"MongoDB is connected successfully","service":"identity-service","timestamp":"2026-06-25T18:19:57.804Z"}
{"level":"info","message":"Identity service is listening on port:  3001","service":"identity-service","timestamp":"2026-06-25T18:19:57.810Z"}
{"level":"info","message":"Redis connected","service":"identity-service","timestamp":"2026-06-25T19:45:22.016Z"}
{"level":"info","message":"MongoDB is connected successfully","service":"identity-service","timestamp":"2026-06-25T19:45:25.986Z"}
{"level":"info","message":"Identity service is listening on port:  3001","service":"identity-service","timestamp":"2026-06-25T19:45:25.990Z"}
{"level":"info","message":"Redis connected","service":"identity-service","timestamp":"2026-06-25T19:46:43.959Z"}
{"level":"info","message":"Redis connected","service":"identity-service","timestamp":"2026-06-25T19:46:44.794Z"}
{"level":"info","message":"MongoDB is connected successfully","service":"identity-service","timestamp":"2026-06-25T19:46:49.313Z"}
{"level":"info","message":"Identity service is listening on port:  3001","service":"identity-service","timestamp":"2026-06-25T19:46:49.317Z"}
{"level":"info","message":"MongoDB is connected successfully","service":"identity-service","timestamp":"2026-06-25T19:46:51.739Z"}
{"level":"info","message":"Identity service is listening on port:  3001","service":"identity-service","timestamp":"2026-06-25T19:46:51.743Z"}
{"level":"info","message":"Redis connected","service":"identity-service","timestamp":"2026-06-25T19:47:25.150Z"}
{"level":"info","message":"Redis connected","service":"identity-service","timestamp":"2026-06-25T19:47:25.183Z"}
{"level":"info","message":"MongoDB is connected successfully","service":"identity-service","timestamp":"2026-06-25T19:47:30.031Z"}
{"level":"info","message":"Identity service is listening on port:  3001","service":"identity-service","timestamp":"2026-06-25T19:47:30.036Z"}
{"level":"info","message":"MongoDB is connected successfully","service":"identity-service","timestamp":"2026-06-25T19:47:33.012Z"}
{"level":"info","message":"Identity service is listening on port:  3001","service":"identity-service","timestamp":"2026-06-25T19:47:33.016Z"}
{"level":"info","message":"Redis connected","service":"identity-service","timestamp":"2026-06-25T19:48:21.114Z"}
{"level":"info","message":"Redis connected","service":"identity-service","timestamp":"2026-06-25T19:48:21.120Z"}
{"level":"info","message":"MongoDB is connected successfully","service":"identity-service","timestamp":"2026-06-25T19:48:24.066Z"}
{"level":"info","message":"Identity service is listening on port:  3001","service":"identity-service","timestamp":"2026-06-25T19:48:24.070Z"}
{"level":"info","message":"MongoDB is connected successfully","service":"identity-service","timestamp":"2026-06-25T19:48:25.788Z"}
{"level":"info","message":"Identity service is listening on port:  3001","service":"identity-service","timestamp":"2026-06-25T19:48:25.792Z"}
{"level":"info","message":"Received POST request to /api/auth/login","service":"identity-service","timestamp":"2026-06-25T20:38:42.300Z"}
{"level":"info","message":"Request body,  {\"email\":\"hondo@gmail.com\",\"password\":\"hondo1234\"}","service":"identity-service","timestamp":"2026-06-25T20:38:42.301Z"}
{"level":"info","message":"Login endpoint hit....","service":"identity-service","timestamp":"2026-06-25T20:38:42.333Z"}
{"level":"info","message":"token generation proceeding....","service":"identity-service","timestamp":"2026-06-25T20:38:42.876Z"}
{"level":"info","message":"Received POST request to /api/auth/login","service":"identity-service","timestamp":"2026-06-25T21:55:02.640Z"}
{"level":"info","message":"Request body,  {\"email\":\"hondo@gmail.com\",\"password\":\"hondo1234\"}","service":"identity-service","timestamp":"2026-06-25T21:55:02.645Z"}
{"level":"info","message":"Login endpoint hit....","service":"identity-service","timestamp":"2026-06-25T21:55:02.665Z"}
{"level":"info","message":"token generation proceeding....","service":"identity-service","timestamp":"2026-06-25T21:55:03.123Z"}
{"level":"info","message":"Redis connected","service":"identity-service","timestamp":"2026-06-29T17:51:52.086Z"}
{"level":"info","message":"MongoDB is connected successfully","service":"identity-service","timestamp":"2026-06-29T17:51:54.966Z"}
{"level":"info","message":"Identity service is listening on port:  3001","service":"identity-service","timestamp":"2026-06-29T17:51:54.969Z"}
{"level":"info","message":"Received POST request to /api/auth/login","service":"identity-service","timestamp":"2026-06-29T17:52:12.607Z"}
{"level":"info","message":"Request body,  {\"email\":\"hondo@gmail.com\",\"password\":\"hondo1234\"}","service":"identity-service","timestamp":"2026-06-29T17:52:12.608Z"}
{"level":"info","message":"Login endpoint hit....","service":"identity-service","timestamp":"2026-06-29T17:52:12.636Z"}
{"level":"info","message":"token generation proceeding....","service":"identity-service","timestamp":"2026-06-29T17:52:13.110Z"}
{"level":"info","message":"Redis connected","service":"identity-service","timestamp":"2026-06-30T12:29:09.048Z"}
{"level":"info","message":"MongoDB is connected successfully","service":"identity-service","timestamp":"2026-06-30T12:29:09.906Z"}
{"level":"info","message":"Identity service is listening on port:  3001","service":"identity-service","timestamp":"2026-06-30T12:29:09.911Z"}
{"level":"info","message":"Redis connected","service":"identity-service","timestamp":"2026-06-30T12:38:00.275Z"}
{"level":"info","message":"Redis connected","service":"identity-service","timestamp":"2026-06-30T12:38:00.291Z"}
{"level":"info","message":"MongoDB is connected successfully","service":"identity-service","timestamp":"2026-06-30T12:38:01.402Z"}
{"level":"info","message":"MongoDB is connected successfully","service":"identity-service","timestamp":"2026-06-30T12:38:01.411Z"}
{"level":"info","message":"Identity service is listening on port:  3001","service":"identity-service","timestamp":"2026-06-30T12:38:01.410Z"}
{"level":"info","message":"Identity service is listening on port:  3001","service":"identity-service","timestamp":"2026-06-30T12:38:01.423Z"}
{"level":"info","message":"Redis connected","service":"identity-service","timestamp":"2026-06-30T12:48:47.022Z"}
{"level":"info","message":"Redis connected","service":"identity-service","timestamp":"2026-06-30T12:48:47.023Z"}
{"level":"info","message":"MongoDB is connected successfully","service":"identity-service","timestamp":"2026-06-30T12:48:47.920Z"}
{"level":"info","message":"Identity service is listening on port:  3001","service":"identity-service","timestamp":"2026-06-30T12:48:47.926Z"}
{"level":"info","message":"MongoDB is connected successfully","service":"identity-service","timestamp":"2026-06-30T12:48:47.952Z"}
{"level":"info","message":"Identity service is listening on port:  3001","service":"identity-service","timestamp":"2026-06-30T12:48:47.958Z"}
{"level":"info","message":"Received POST request to /api/auth/login","service":"identity-service","timestamp":"2026-06-30T18:57:07.809Z"}
{"level":"info","message":"Request body,  {\"email\":\"hondo@gmail.com\",\"password\":\"hondo1234\"}","service":"identity-service","timestamp":"2026-06-30T18:57:07.811Z"}
{"level":"info","message":"Login endpoint hit....","service":"identity-service","timestamp":"2026-06-30T18:57:07.828Z"}
{"level":"info","message":"token generation proceeding....","service":"identity-service","timestamp":"2026-06-30T18:57:08.746Z"}
{"level":"info","message":"Redis connected","service":"identity-service","timestamp":"2026-06-30T19:00:16.899Z"}
{"level":"info","message":"Redis connected","service":"identity-service","timestamp":"2026-06-30T19:00:16.929Z"}
{"level":"info","message":"MongoDB is connected successfully","service":"identity-service","timestamp":"2026-06-30T19:00:18.113Z"}
{"level":"info","message":"Identity service is listening on port:  3001","service":"identity-service","timestamp":"2026-06-30T19:00:18.117Z"}
{"level":"info","message":"MongoDB is connected successfully","service":"identity-service","timestamp":"2026-06-30T19:00:18.172Z"}
{"level":"info","message":"Identity service is listening on port:  3001","service":"identity-service","timestamp":"2026-06-30T19:00:18.177Z"}
{"level":"info","message":"Redis connected","service":"identity-service","timestamp":"2026-06-30T19:00:20.397Z"}
{"level":"info","message":"Redis connected","service":"identity-service","timestamp":"2026-06-30T19:00:20.445Z"}
{"level":"info","message":"MongoDB is connected successfully","service":"identity-service","timestamp":"2026-06-30T19:00:21.647Z"}
{"level":"info","message":"Identity service is listening on port:  3001","service":"identity-service","timestamp":"2026-06-30T19:00:21.656Z"}
{"level":"info","message":"MongoDB is connected successfully","service":"identity-service","timestamp":"2026-06-30T19:00:21.871Z"}
{"level":"info","message":"Identity service is listening on port:  3001","service":"identity-service","timestamp":"2026-06-30T19:00:21.887Z"}
{"level":"info","message":"Redis connected","service":"identity-service","timestamp":"2026-06-30T19:01:02.642Z"}
{"level":"info","message":"MongoDB is connected successfully","service":"identity-service","timestamp":"2026-06-30T19:01:03.575Z"}
{"level":"info","message":"Identity service is listening on port:  3001","service":"identity-service","timestamp":"2026-06-30T19:01:03.584Z"}
{"level":"info","message":"Redis connected","service":"identity-service","timestamp":"2026-06-30T19:31:54.014Z"}
{"level":"info","message":"MongoDB is connected successfully","service":"identity-service","timestamp":"2026-06-30T19:31:55.169Z"}
{"level":"info","message":"Identity service is listening on port:  3001","service":"identity-service","timestamp":"2026-06-30T19:31:55.323Z"}
{"level":"info","message":"Received POST request to /api/auth/login","service":"identity-service","timestamp":"2026-06-30T20:28:26.809Z"}
{"level":"info","message":"Request body,  {\"email\":\"hondo@gmail.com\",\"password\":\"hondo1234\"}","service":"identity-service","timestamp":"2026-06-30T20:28:26.812Z"}
{"level":"info","message":"Login endpoint hit....","service":"identity-service","timestamp":"2026-06-30T20:28:26.820Z"}
{"level":"info","message":"token generation proceeding....","service":"identity-service","timestamp":"2026-06-30T20:28:28.024Z"}
{"level":"info","message":"Received POST request to /api/auth/login","service":"identity-service","timestamp":"2026-06-30T20:37:03.965Z"}
{"level":"info","message":"Request body,  {\"email\":\"hondo@gmail.com\",\"password\":\"hondo1234\"}","service":"identity-service","timestamp":"2026-06-30T20:37:03.966Z"}
{"level":"info","message":"Login endpoint hit....","service":"identity-service","timestamp":"2026-06-30T20:37:03.977Z"}
{"level":"info","message":"token generation proceeding....","service":"identity-service","timestamp":"2026-06-30T20:37:04.410Z"}
