{"level":"info","message":"Redis connected","service":"api-gateway","timestamp":"2026-02-04T06:56:30.589Z"}
{"level":"info","message":"Redis connected","service":"api-gateway","timestamp":"2026-02-04T06:57:07.622Z"}
{"level":"info","message":"Redis connected","service":"api-gateway","timestamp":"2026-02-04T06:58:19.361Z"}
{"level":"info","message":"Redis connected","service":"api-gateway","timestamp":"2026-02-04T07:13:31.979Z"}
{"level":"info","message":"Redis is connected","service":"api-gateway","timestamp":"2026-02-04T07:14:32.288Z"}
{"level":"info","message":"Redis is connected","service":"api-gateway","timestamp":"2026-02-04T08:52:49.092Z"}
{"level":"info","message":"Redis is connected","service":"api-gateway","timestamp":"2026-02-04T17:38:19.497Z"}
{"level":"info","message":"Identity service is listening on port:  3000","service":"api-gateway","timestamp":"2026-02-04T17:39:27.061Z"}
{"level":"info","message":"Identity service is is running on port  http://localhost:3001","service":"api-gateway","timestamp":"2026-02-04T17:39:27.065Z"}
{"level":"info","message":"Redis Url:  redis://localhost:6379","service":"api-gateway","timestamp":"2026-02-04T17:39:27.066Z"}
{"level":"info","message":"Redis is connected","service":"api-gateway","timestamp":"2026-02-04T17:39:27.074Z"}
{"level":"info","message":"Identity service is listening on port:  3000","service":"api-gateway","timestamp":"2026-02-04T17:43:16.630Z"}
{"level":"info","message":"Identity service is is running on port  http://localhost:3001","service":"api-gateway","timestamp":"2026-02-04T17:43:16.635Z"}
{"level":"info","message":"Redis Url:  redis://localhost:6379","service":"api-gateway","timestamp":"2026-02-04T17:43:16.635Z"}
{"level":"info","message":"Redis is connected","service":"api-gateway","timestamp":"2026-02-04T17:43:16.649Z"}
{"level":"info","message":"Identity service is listening on port:  3000","service":"api-gateway","timestamp":"2026-02-04T17:43:23.881Z"}
{"level":"info","message":"Identity service is is running on port  http://localhost:3001","service":"api-gateway","timestamp":"2026-02-04T17:43:23.885Z"}
{"level":"info","message":"Redis Url:  redis://localhost:6379","service":"api-gateway","timestamp":"2026-02-04T17:43:23.886Z"}
{"level":"info","message":"Redis is connected","service":"api-gateway","timestamp":"2026-02-04T17:43:23.903Z"}
{"level":"info","message":"Identity service is listening on port:  3000","service":"api-gateway","timestamp":"2026-02-04T17:43:28.036Z"}
{"level":"info","message":"Identity service is is running on port  http://localhost:3001","service":"api-gateway","timestamp":"2026-02-04T17:43:28.041Z"}
{"level":"info","message":"Redis Url:  redis://localhost:6379","service":"api-gateway","timestamp":"2026-02-04T17:43:28.045Z"}
{"level":"info","message":"Redis is connected","service":"api-gateway","timestamp":"2026-02-04T17:43:28.062Z"}
{"level":"info","message":"Identity service is listening on port:  3000","service":"api-gateway","timestamp":"2026-02-04T18:23:20.957Z"}
{"level":"info","message":"Identity service is is running on port  http://localhost:3001","service":"api-gateway","timestamp":"2026-02-04T18:23:20.962Z"}
{"level":"info","message":"Redis Url:  redis://localhost:6379","service":"api-gateway","timestamp":"2026-02-04T18:23:20.963Z"}
{"level":"info","message":"Redis is connected","service":"api-gateway","timestamp":"2026-02-04T18:23:21.070Z"}
{"level":"info","message":"Identity service is listening on port:  3000","service":"api-gateway","timestamp":"2026-02-04T18:26:56.320Z"}
{"level":"info","message":"Identity service is is running on port  http://localhost:3001","service":"api-gateway","timestamp":"2026-02-04T18:26:56.323Z"}
{"level":"info","message":"Redis Url:  redis://localhost:6379","service":"api-gateway","timestamp":"2026-02-04T18:26:56.327Z"}
{"level":"info","message":"Redis is connected","service":"api-gateway","timestamp":"2026-02-04T18:26:56.338Z"}
{"level":"info","message":"Received POST request to /v1/auth/register/","service":"api-gateway","timestamp":"2026-02-04T18:31:38.212Z"}
{"level":"info","message":"Request body,  {\"username\":\"GinaLinetti\",\"email\":\"gina@gmail.com\",\"password\":\"gina1234\"}","service":"api-gateway","timestamp":"2026-02-04T18:31:38.213Z"}
{"level":"info","message":"Response received from identity service: 201","service":"api-gateway","timestamp":"2026-02-04T18:31:38.781Z"}
{"level":"info","message":"Received POST request to /v1/auth/login/","service":"api-gateway","timestamp":"2026-02-05T07:07:06.188Z"}
{"level":"info","message":"Request body,  {\"email\":\"amy@gmail.com\",\"password\":\"amy12345\"}","service":"api-gateway","timestamp":"2026-02-05T07:07:06.190Z"}
{"level":"info","message":"Response received from identity service: 200","service":"api-gateway","timestamp":"2026-02-05T07:07:06.593Z"}
{"level":"info","message":"Identity service is listening on port:  3000","service":"api-gateway","timestamp":"2026-02-05T18:26:54.664Z"}
{"level":"info","message":"Identity service is is running on port  http://localhost:3001","service":"api-gateway","timestamp":"2026-02-05T18:26:54.669Z"}
{"level":"info","message":"Redis Url:  redis://localhost:6379","service":"api-gateway","timestamp":"2026-02-05T18:26:54.670Z"}
{"level":"info","message":"Redis is connected","service":"api-gateway","timestamp":"2026-02-05T18:26:54.698Z"}
{"level":"info","message":"Identity service is listening on port:  3000","service":"api-gateway","timestamp":"2026-02-15T05:56:30.767Z"}
{"level":"info","message":"Identity service is is running on port  http://localhost:3001","service":"api-gateway","timestamp":"2026-02-15T05:56:30.771Z"}
{"level":"info","message":"Redis Url:  redis://localhost:6379","service":"api-gateway","timestamp":"2026-02-15T05:56:30.772Z"}
{"level":"info","message":"Redis is connected","service":"api-gateway","timestamp":"2026-02-15T05:56:30.803Z"}
{"level":"info","message":"Received POST request to /v1/auth/logout/","service":"api-gateway","timestamp":"2026-02-18T04:37:05.408Z"}
{"level":"info","message":"Request body,  {\"refreshToken\":\"f169422057fde8e79e968a80d2c093e703034794b651e1c9cf1a811504810f1817e1b18f2d302de6\"}","service":"api-gateway","timestamp":"2026-02-18T04:37:05.411Z"}
{"level":"info","message":"Response received from identity service: 200","service":"api-gateway","timestamp":"2026-02-18T04:37:05.574Z"}
{"level":"info","message":"Received POST request to /v1/auth/login/","service":"api-gateway","timestamp":"2026-02-18T05:19:04.497Z"}
{"level":"info","message":"Request body,  {\"email\":\"amy@gmail.com\",\"password\":\"amy12345\"}","service":"api-gateway","timestamp":"2026-02-18T05:19:04.501Z"}
{"level":"info","message":"Response received from identity service: 200","service":"api-gateway","timestamp":"2026-02-18T05:19:04.826Z"}
{"level":"info","message":"Identity service is listening on port:  3000","service":"api-gateway","timestamp":"2026-03-19T16:50:32.913Z"}
{"level":"info","message":"Identity service is is running on port  http://localhost:3001","service":"api-gateway","timestamp":"2026-03-19T16:50:32.919Z"}
{"level":"info","message":"Redis Url:  redis://localhost:6379","service":"api-gateway","timestamp":"2026-03-19T16:50:32.919Z"}
{"level":"info","message":"Redis is connected","service":"api-gateway","timestamp":"2026-03-19T16:50:32.936Z"}
{"level":"info","message":"Received POST request to /v1/auth/logout/","service":"api-gateway","timestamp":"2026-03-19T16:50:38.850Z"}
{"level":"info","message":"Request body,  {\"username\":\"katemoyo\",\"email\":\"kate@gmail.com\",\"password\":\"kate1234\"}","service":"api-gateway","timestamp":"2026-03-19T16:50:38.851Z"}
{"level":"info","message":"Response received from identity service: 400","service":"api-gateway","timestamp":"2026-03-19T16:50:38.927Z"}
{"level":"info","message":"Received POST request to /v1/auth/login/","service":"api-gateway","timestamp":"2026-03-19T16:51:06.925Z"}
{"level":"info","message":"Request body,  {\"username\":\"katemoyo\",\"email\":\"kate@gmail.com\",\"password\":\"kate1234\"}","service":"api-gateway","timestamp":"2026-03-19T16:51:06.926Z"}
{"level":"info","message":"Response received from identity service: 400","service":"api-gateway","timestamp":"2026-03-19T16:51:06.975Z"}
{"level":"info","message":"Received POST request to /v1/auth/register/","service":"api-gateway","timestamp":"2026-03-19T17:02:59.581Z"}
{"level":"info","message":"Request body,  {\"username\":\"katemoyo\",\"email\":\"kate@gmail.com\",\"password\":\"kate1234\"}","service":"api-gateway","timestamp":"2026-03-19T17:02:59.583Z"}
{"level":"error","message":"Proxy failure : ","service":"api-gateway","timestamp":"2026-03-19T17:02:59.594Z"}
{"level":"info","message":"Received POST request to /v1/auth/login/","service":"api-gateway","timestamp":"2026-03-19T17:04:58.467Z"}
{"level":"info","message":"Request body,  {\"email\":\"amy@gmail.com\",\"password\":\"amy12345\"}","service":"api-gateway","timestamp":"2026-03-19T17:04:58.467Z"}
{"level":"error","message":"Proxy failure : ","service":"api-gateway","timestamp":"2026-03-19T17:04:58.469Z"}
{"level":"info","message":"Received POST request to /v1/auth/login/","service":"api-gateway","timestamp":"2026-03-19T17:05:21.944Z"}
{"level":"info","message":"Request body,  {\"email\":\"amy@gmail.com\",\"password\":\"amy12345\"}","service":"api-gateway","timestamp":"2026-03-19T17:05:21.944Z"}
{"level":"info","message":"Response received from identity service: 429","service":"api-gateway","timestamp":"2026-03-19T17:05:22.043Z"}
{"level":"info","message":"Identity service is listening on port:  3000","service":"api-gateway","timestamp":"2026-04-18T18:33:13.475Z"}
{"level":"info","message":"Identity service is is running on port  http://localhost:3001","service":"api-gateway","timestamp":"2026-04-18T18:33:13.483Z"}
{"level":"info","message":"Redis Url:  redis://localhost:6379","service":"api-gateway","timestamp":"2026-04-18T18:33:13.483Z"}
{"level":"info","message":"Redis is connected","service":"api-gateway","timestamp":"2026-04-18T18:33:13.497Z"}
